<?xml version="1.0" encoding="UTF-8"?>
<!-- Generated by org.testng.reporters.JUnitReportReporter -->
<testsuite hostname="Shilpi-THINK" name="com.wbqa.samples.WD.TestESHomePage" tests="2" failures="0" timestamp="14 Apr 2013 06:36:59 GMT" time="59.423" errors="0">
  <testcase name="testValid" time="16.192" classname="com.wbqa.samples.WD.TestESHomePage"/>
  <testcase name="testValid" time="43.231" classname="com.wbqa.samples.WD.TestESHomePage"/>
</testsuite> <!-- com.wbqa.samples.WD.TestESHomePage -->
