<?xml version="1.0" encoding="UTF-8"?>
<!-- Generated by org.testng.reporters.JUnitReportReporter -->
<testsuite hostname="IND-ACER-LP1" name="com.java.testNg.NewTest1" tests="1" failures="0" timestamp="10 Jul 2015 03:03:50 GMT" time="0.001" errors="0">
  <testcase name="f" time="0.001" classname="com.java.testNg.NewTest1"/>
</testsuite> <!-- com.java.testNg.NewTest1 -->
