<?xml version="1.0" encoding="UTF-8"?>
<!-- Generated by org.testng.reporters.JUnitReportReporter -->
<testsuite hostname="ShilpiPC" name="com.sh.tests.SHHomePageTest" tests="2" failures="0" timestamp="19 May 2015 19:05:16 GMT" time="43.423" errors="0">
  <testcase name="testSideBarBrokenLinks" time="24.493" classname="com.sh.tests.SHHomePageTest"/>
  <testcase name="testHomePage" time="18.930" classname="com.sh.tests.SHHomePageTest"/>
</testsuite> <!-- com.sh.tests.SHHomePageTest -->
